{"name": "test_user_menu_links_present", "status": "broken", "statusDetails": {"message": "selenium.common.exceptions.TimeoutException: Message: \nStacktrace:\n\tGetHandleVerifier [0x00007FF72EE88EF2+54786]\n\t(No symbol) [0x00007FF72EDF5612]\n\t(No symbol) [0x00007FF72ECAA64B]\n\t(No symbol) [0x00007FF72ECEB79C]\n\t(No symbol) [0x00007FF72ECEB91C]\n\t(No symbol) [0x00007FF72ED26D87]\n\t(No symbol) [0x00007FF72ED0BEAF]\n\t(No symbol) [0x00007FF72ED24D02]\n\t(No symbol) [0x00007FF72ED0BC43]\n\t(No symbol) [0x00007FF72ECE0941]\n\t(No symbol) [0x00007FF72ECE1B84]\n\tGetHandleVerifier [0x00007FF72F1D7F52+3524194]\n\tGetHandleVerifier [0x00007FF72F22D800+3874576]\n\tGetHandleVerifier [0x00007FF72F225D7F+3843215]\n\tGetHandleVerifier [0x00007FF72EF25086+694166]\n\t(No symbol) [0x00007FF72EE00A88]\n\t(No symbol) [0x00007FF72EDFCA94]\n\t(No symbol) [0x00007FF72EDFCBC2]\n\t(No symbol) [0x00007FF72EDECC83]\n\tBaseThreadInitThunk [0x00007FFE07837344+20]\n\tRtlUserThreadStart [0x00007FFE082426B1+33]", "trace": "browser = <selenium.webdriver.chrome.webdriver.WebDriver (session=\"04ea44131bc01fad1a6d83e69c95b867\")>, profile_text = 'Profile'\nmy_week_text = 'My Week', organization_text = 'Organization'\n\n    def test_user_menu_links_present(browser, profile_text, my_week_text, organization_text):\n        # steps\n        header_instance = Header(browser, PLANNERS_URL)\n        user_menu_instance = UserMenu(browser, PLANNERS_URL)\n>       header_instance.load()\n\ntests\\test_header.py:41: \n_ _ _ _ _ _ _ _ _ _ _ _ _ _ _ _ _ _ _ _ _ _ _ _ _ _ _ _ _ _ _ _ _ _ _ _ _ _ _ _ _ _ _ _ _ _ _ _ _ _ _ _ _ _ _ _ _ _ _ _ _ _ _ _ _ _ _ _ _ _ _ _ _ _\npages\\header.py:31: in load\n    WebDriverWait(self.browser, 15).until(EC.presence_of_element_located(self.user_menu))\n_ _ _ _ _ _ _ _ _ _ _ _ _ _ _ _ _ _ _ _ _ _ _ _ _ _ _ _ _ _ _ _ _ _ _ _ _ _ _ _ _ _ _ _ _ _ _ _ _ _ _ _ _ _ _ _ _ _ _ _ _ _ _ _ _ _ _ _ _ _ _ _ _ _\n\nself = <selenium.webdriver.support.wait.WebDriverWait (session=\"04ea44131bc01fad1a6d83e69c95b867\")>\nmethod = <function presence_of_element_located.<locals>._predicate at 0x0000025CA7F120C0>, message = ''\n\n    def until(self, method, message: str = \"\"):\n        \"\"\"Calls the method provided with the driver as an argument until the \\\n        return value does not evaluate to ``False``.\n    \n        :param method: callable(WebDriver)\n        :param message: optional message for :exc:`TimeoutException`\n        :returns: the result of the last call to `method`\n        :raises: :exc:`selenium.common.exceptions.TimeoutException` if timeout occurs\n        \"\"\"\n        screen = None\n        stacktrace = None\n    \n        end_time = time.monotonic() + self._timeout\n        while True:\n            try:\n                value = method(self._driver)\n                if value:\n                    return value\n            except self._ignored_exceptions as exc:\n                screen = getattr(exc, \"screen\", None)\n                stacktrace = getattr(exc, \"stacktrace\", None)\n            time.sleep(self._poll)\n            if time.monotonic() > end_time:\n                break\n>       raise TimeoutException(message, screen, stacktrace)\nE       selenium.common.exceptions.TimeoutException: Message: \nE       Stacktrace:\nE       \tGetHandleVerifier [0x00007FF72EE88EF2+54786]\nE       \t(No symbol) [0x00007FF72EDF5612]\nE       \t(No symbol) [0x00007FF72ECAA64B]\nE       \t(No symbol) [0x00007FF72ECEB79C]\nE       \t(No symbol) [0x00007FF72ECEB91C]\nE       \t(No symbol) [0x00007FF72ED26D87]\nE       \t(No symbol) [0x00007FF72ED0BEAF]\nE       \t(No symbol) [0x00007FF72ED24D02]\nE       \t(No symbol) [0x00007FF72ED0BC43]\nE       \t(No symbol) [0x00007FF72ECE0941]\nE       \t(No symbol) [0x00007FF72ECE1B84]\nE       \tGetHandleVerifier [0x00007FF72F1D7F52+3524194]\nE       \tGetHandleVerifier [0x00007FF72F22D800+3874576]\nE       \tGetHandleVerifier [0x00007FF72F225D7F+3843215]\nE       \tGetHandleVerifier [0x00007FF72EF25086+694166]\nE       \t(No symbol) [0x00007FF72EE00A88]\nE       \t(No symbol) [0x00007FF72EDFCA94]\nE       \t(No symbol) [0x00007FF72EDFCBC2]\nE       \t(No symbol) [0x00007FF72EDECC83]\nE       \tBaseThreadInitThunk [0x00007FFE07837344+20]\nE       \tRtlUserThreadStart [0x00007FFE082426B1+33]\n\n..\\..\\AppData\\Local\\Programs\\Python\\Python312\\Lib\\site-packages\\selenium\\webdriver\\support\\wait.py:95: TimeoutException"}, "start": 1698151316994, "stop": 1698151332883, "uuid": "b2147195-5a87-4771-8396-274b28299c70", "historyId": "4959a7ab5821ccc47ab9da008a790480", "testCaseId": "4959a7ab5821ccc47ab9da008a790480", "fullName": "tests.test_header#test_user_menu_links_present", "labels": [{"name": "parentSuite", "value": "tests"}, {"name": "suite", "value": "test_header"}, {"name": "host", "value": "DESKTOP-Q7U6EK1"}, {"name": "thread", "value": "1032-MainThread"}, {"name": "framework", "value": "pytest"}, {"name": "language", "value": "cpython3"}, {"name": "package", "value": "tests.test_header"}]}