{"name": "test_user_menu_links_present", "status": "failed", "statusDetails": {"message": "AssertionError: assert 7 == 4\n +  where 7 = <bound method UserMenu.user_menu_links_count of <pages.header.UserMenu object at 0x000001FFAC6D4AC0>>()\n +    where <bound method UserMenu.user_menu_links_count of <pages.header.UserMenu object at 0x000001FFAC6D4AC0>> = <pages.header.UserMenu object at 0x000001FFAC6D4AC0>.user_menu_links_count", "trace": "browser = <selenium.webdriver.chrome.webdriver.WebDriver (session=\"b79dd7a5c80f83b1fe4e7dc802f2ba1a\")>, profile_text = 'Profile'\nmy_week_text = 'My Week', organization_text = 'Organization'\n\n    def test_user_menu_links_present(browser, profile_text, my_week_text, organization_text):\n        # steps\n        header_instance = Header(browser, PLANNERS_URL)\n        user_menu_instance = UserMenu(browser, PLANNERS_URL)\n        header_instance.load()\n        header_instance.open_user_menu()\n        # Expected result\n>       assert user_menu_instance.user_menu_links_count() == 4\nE       assert 7 == 4\nE        +  where 7 = <bound method UserMenu.user_menu_links_count of <pages.header.UserMenu object at 0x000001FFAC6D4AC0>>()\nE        +    where <bound method UserMenu.user_menu_links_count of <pages.header.UserMenu object at 0x000001FFAC6D4AC0>> = <pages.header.UserMenu object at 0x000001FFAC6D4AC0>.user_menu_links_count\n\ntests\\test_header.py:44: AssertionError"}, "start": 1698151753054, "stop": 1698151754235, "uuid": "8b5946f1-f432-41a7-88ef-952aff7d4753", "historyId": "4959a7ab5821ccc47ab9da008a790480", "testCaseId": "4959a7ab5821ccc47ab9da008a790480", "fullName": "tests.test_header#test_user_menu_links_present", "labels": [{"name": "parentSuite", "value": "tests"}, {"name": "suite", "value": "test_header"}, {"name": "host", "value": "DESKTOP-Q7U6EK1"}, {"name": "thread", "value": "24164-MainThread"}, {"name": "framework", "value": "pytest"}, {"name": "language", "value": "cpython3"}, {"name": "package", "value": "tests.test_header"}]}