{"name": "test_valid_login[teambooktest@gmail.com-Test123!]", "status": "broken", "statusDetails": {"message": "selenium.common.exceptions.NoSuchElementException: Message: no such element: Unable to locate element: {\"method\":\"xpath\",\"selector\":\"//input[@id=':r1:']\"}\n  (Session info: headless chrome=118.0.5993.89)\nStacktrace:\n\tGetHandleVerifier [0x00007FF7FE327D32+55474]\n\t(No symbol) [0x00007FF7FE2977E2]\n\t(No symbol) [0x00007FF7FE14E0EB]\n\t(No symbol) [0x00007FF7FE18EBAC]\n\t(No symbol) [0x00007FF7FE18ED2C]\n\t(No symbol) [0x00007FF7FE1C9F77]\n\t(No symbol) [0x00007FF7FE1AF19F]\n\t(No symbol) [0x00007FF7FE1C7EF2]\n\t(No symbol) [0x00007FF7FE1AEF33]\n\t(No symbol) [0x00007FF7FE183D41]\n\t(No symbol) [0x00007FF7FE184F84]\n\tGetHandleVerifier [0x00007FF7FE68B772+3609330]\n\tGetHandleVerifier [0x00007FF7FE6E1A90+3962384]\n\tGetHandleVerifier [0x00007FF7FE6D9F1F+3930783]\n\tGetHandleVerifier [0x00007FF7FE3C3CC6+694342]\n\t(No symbol) [0x00007FF7FE2A2238]\n\t(No symbol) [0x00007FF7FE29E4A4]\n\t(No symbol) [0x00007FF7FE29E5D2]\n\t(No symbol) [0x00007FF7FE28EE33]\n\tBaseThreadInitThunk [0x00007FFE07837344+20]\n\tRtlUserThreadStart [0x00007FFE082426B1+33]", "trace": "browser = <selenium.webdriver.chrome.webdriver.WebDriver (session=\"bfb46c59ad132e24717688ac27d463c8\")>, valid_email = 'teambooktest@gmail.com'\nvalid_password = 'Test123!', login_page = <pages.login_page.LoginPage object at 0x00000153AF5F80A0>\n\n    def test_valid_login(browser, valid_email, valid_password, login_page):\n        # Preconditions\n        email, password = valid_email, valid_password\n        # Steps\n>       login_page.login(email, password)\n\ntests\\test_login.py:10: \n_ _ _ _ _ _ _ _ _ _ _ _ _ _ _ _ _ _ _ _ _ _ _ _ _ _ _ _ _ _ _ _ _ _ _ _ _ _ _ _ _ _ _ _ _ _ _ _ _ _ _ _ _ _ _ _ _ _ _ _ _ _ _ _ _ _ _ _ _ _ _ _ _ _\npages\\login_page.py:24: in login\n    self.browser.find_element(*self.password_input).send_keys(password)\nvenv\\lib\\site-packages\\selenium\\webdriver\\remote\\webdriver.py:831: in find_element\n    return self.execute(Command.FIND_ELEMENT, {\"using\": by, \"value\": value})[\"value\"]\nvenv\\lib\\site-packages\\selenium\\webdriver\\remote\\webdriver.py:440: in execute\n    self.error_handler.check_response(response)\n_ _ _ _ _ _ _ _ _ _ _ _ _ _ _ _ _ _ _ _ _ _ _ _ _ _ _ _ _ _ _ _ _ _ _ _ _ _ _ _ _ _ _ _ _ _ _ _ _ _ _ _ _ _ _ _ _ _ _ _ _ _ _ _ _ _ _ _ _ _ _ _ _ _\n\nself = <selenium.webdriver.remote.errorhandler.ErrorHandler object at 0x00000153AF4D1FA0>\nresponse = {'status': 404, 'value': '{\"value\":{\"error\":\"no such element\",\"message\":\"no such element: Unable to locate element: {\\...07FF7FE28EE33]\\\\n\\\\tBaseThreadInitThunk [0x00007FFE07837344+20]\\\\n\\\\tRtlUserThreadStart [0x00007FFE082426B1+33]\\\\n\"}}'}\n\n    def check_response(self, response: Dict[str, Any]) -> None:\n        \"\"\"Checks that a JSON response from the WebDriver does not have an\n        error.\n    \n        :Args:\n         - response - The JSON response from the WebDriver server as a dictionary\n           object.\n    \n        :Raises: If the response contains an error message.\n        \"\"\"\n        status = response.get(\"status\", None)\n        if not status or status == ErrorCode.SUCCESS:\n            return\n        value = None\n        message = response.get(\"message\", \"\")\n        screen: str = response.get(\"screen\", \"\")\n        stacktrace = None\n        if isinstance(status, int):\n            value_json = response.get(\"value\", None)\n            if value_json and isinstance(value_json, str):\n                import json\n    \n                try:\n                    value = json.loads(value_json)\n                    if len(value) == 1:\n                        value = value[\"value\"]\n                    status = value.get(\"error\", None)\n                    if not status:\n                        status = value.get(\"status\", ErrorCode.UNKNOWN_ERROR)\n                        message = value.get(\"value\") or value.get(\"message\")\n                        if not isinstance(message, str):\n                            value = message\n                            message = message.get(\"message\")\n                    else:\n                        message = value.get(\"message\", None)\n                except ValueError:\n                    pass\n    \n        exception_class: Type[WebDriverException]\n        if status in ErrorCode.NO_SUCH_ELEMENT:\n            exception_class = NoSuchElementException\n        elif status in ErrorCode.NO_SUCH_FRAME:\n            exception_class = NoSuchFrameException\n        elif status in ErrorCode.NO_SUCH_SHADOW_ROOT:\n            exception_class = NoSuchShadowRootException\n        elif status in ErrorCode.NO_SUCH_WINDOW:\n            exception_class = NoSuchWindowException\n        elif status in ErrorCode.STALE_ELEMENT_REFERENCE:\n            exception_class = StaleElementReferenceException\n        elif status in ErrorCode.ELEMENT_NOT_VISIBLE:\n            exception_class = ElementNotVisibleException\n        elif status in ErrorCode.INVALID_ELEMENT_STATE:\n            exception_class = InvalidElementStateException\n        elif (\n            status in ErrorCode.INVALID_SELECTOR\n            or status in ErrorCode.INVALID_XPATH_SELECTOR\n            or status in ErrorCode.INVALID_XPATH_SELECTOR_RETURN_TYPER\n        ):\n            exception_class = InvalidSelectorException\n        elif status in ErrorCode.ELEMENT_IS_NOT_SELECTABLE:\n            exception_class = ElementNotSelectableException\n        elif status in ErrorCode.ELEMENT_NOT_INTERACTABLE:\n            exception_class = ElementNotInteractableException\n        elif status in ErrorCode.INVALID_COOKIE_DOMAIN:\n            exception_class = InvalidCookieDomainException\n        elif status in ErrorCode.UNABLE_TO_SET_COOKIE:\n            exception_class = UnableToSetCookieException\n        elif status in ErrorCode.TIMEOUT:\n            exception_class = TimeoutException\n        elif status in ErrorCode.SCRIPT_TIMEOUT:\n            exception_class = TimeoutException\n        elif status in ErrorCode.UNKNOWN_ERROR:\n            exception_class = WebDriverException\n        elif status in ErrorCode.UNEXPECTED_ALERT_OPEN:\n            exception_class = UnexpectedAlertPresentException\n        elif status in ErrorCode.NO_ALERT_OPEN:\n            exception_class = NoAlertPresentException\n        elif status in ErrorCode.IME_NOT_AVAILABLE:\n            exception_class = ImeNotAvailableException\n        elif status in ErrorCode.IME_ENGINE_ACTIVATION_FAILED:\n            exception_class = ImeActivationFailedException\n        elif status in ErrorCode.MOVE_TARGET_OUT_OF_BOUNDS:\n            exception_class = MoveTargetOutOfBoundsException\n        elif status in ErrorCode.JAVASCRIPT_ERROR:\n            exception_class = JavascriptException\n        elif status in ErrorCode.SESSION_NOT_CREATED:\n            exception_class = SessionNotCreatedException\n        elif status in ErrorCode.INVALID_ARGUMENT:\n            exception_class = InvalidArgumentException\n        elif status in ErrorCode.NO_SUCH_COOKIE:\n            exception_class = NoSuchCookieException\n        elif status in ErrorCode.UNABLE_TO_CAPTURE_SCREEN:\n            exception_class = ScreenshotException\n        elif status in ErrorCode.ELEMENT_CLICK_INTERCEPTED:\n            exception_class = ElementClickInterceptedException\n        elif status in ErrorCode.INSECURE_CERTIFICATE:\n            exception_class = InsecureCertificateException\n        elif status in ErrorCode.INVALID_COORDINATES:\n            exception_class = InvalidCoordinatesException\n        elif status in ErrorCode.INVALID_SESSION_ID:\n            exception_class = InvalidSessionIdException\n        elif status in ErrorCode.UNKNOWN_METHOD:\n            exception_class = UnknownMethodException\n        else:\n            exception_class = WebDriverException\n        if not value:\n            value = response[\"value\"]\n        if isinstance(value, str):\n            raise exception_class(value)\n        if message == \"\" and \"message\" in value:\n            message = value[\"message\"]\n    \n        screen = None  # type: ignore[assignment]\n        if \"screen\" in value:\n            screen = value[\"screen\"]\n    \n        stacktrace = None\n        st_value = value.get(\"stackTrace\") or value.get(\"stacktrace\")\n        if st_value:\n            if isinstance(st_value, str):\n                stacktrace = st_value.split(\"\\n\")\n            else:\n                stacktrace = []\n                try:\n                    for frame in st_value:\n                        line = frame.get(\"lineNumber\", \"\")\n                        file = frame.get(\"fileName\", \"<anonymous>\")\n                        if line:\n                            file = f\"{file}:{line}\"\n                        meth = frame.get(\"methodName\", \"<anonymous>\")\n                        if \"className\" in frame:\n                            meth = f\"{frame['className']}.{meth}\"\n                        msg = \"    at %s (%s)\"\n                        msg = msg % (meth, file)\n                        stacktrace.append(msg)\n                except TypeError:\n                    pass\n        if exception_class == UnexpectedAlertPresentException:\n            alert_text = None\n            if \"data\" in value:\n                alert_text = value[\"data\"].get(\"text\")\n            elif \"alert\" in value:\n                alert_text = value[\"alert\"].get(\"text\")\n            raise exception_class(message, screen, stacktrace, alert_text)  # type: ignore[call-arg]  # mypy is not smart enough here\n>       raise exception_class(message, screen, stacktrace)\nE       selenium.common.exceptions.NoSuchElementException: Message: no such element: Unable to locate element: {\"method\":\"xpath\",\"selector\":\"//input[@id=':r1:']\"}\nE         (Session info: headless chrome=118.0.5993.89)\nE       Stacktrace:\nE       \tGetHandleVerifier [0x00007FF7FE327D32+55474]\nE       \t(No symbol) [0x00007FF7FE2977E2]\nE       \t(No symbol) [0x00007FF7FE14E0EB]\nE       \t(No symbol) [0x00007FF7FE18EBAC]\nE       \t(No symbol) [0x00007FF7FE18ED2C]\nE       \t(No symbol) [0x00007FF7FE1C9F77]\nE       \t(No symbol) [0x00007FF7FE1AF19F]\nE       \t(No symbol) [0x00007FF7FE1C7EF2]\nE       \t(No symbol) [0x00007FF7FE1AEF33]\nE       \t(No symbol) [0x00007FF7FE183D41]\nE       \t(No symbol) [0x00007FF7FE184F84]\nE       \tGetHandleVerifier [0x00007FF7FE68B772+3609330]\nE       \tGetHandleVerifier [0x00007FF7FE6E1A90+3962384]\nE       \tGetHandleVerifier [0x00007FF7FE6D9F1F+3930783]\nE       \tGetHandleVerifier [0x00007FF7FE3C3CC6+694342]\nE       \t(No symbol) [0x00007FF7FE2A2238]\nE       \t(No symbol) [0x00007FF7FE29E4A4]\nE       \t(No symbol) [0x00007FF7FE29E5D2]\nE       \t(No symbol) [0x00007FF7FE28EE33]\nE       \tBaseThreadInitThunk [0x00007FFE07837344+20]\nE       \tRtlUserThreadStart [0x00007FFE082426B1+33]\n\nvenv\\lib\\site-packages\\selenium\\webdriver\\remote\\errorhandler.py:245: NoSuchElementException"}, "parameters": [{"name": "valid_email", "value": "'teambooktest@gmail.com'"}, {"name": "valid_password", "value": "'Test123!'"}], "start": 1698096235624, "stop": 1698096236147, "uuid": "26271831-4e57-447d-92d2-fee4a80a3c87", "historyId": "9d0fab586ae7ead3e3b0a57dc380db05", "testCaseId": "ab68c09e23714aa68c720c2ca07c0ecf", "fullName": "tests.test_login#test_valid_login", "labels": [{"name": "parentSuite", "value": "tests"}, {"name": "suite", "value": "test_login"}, {"name": "host", "value": "DESKTOP-Q7U6EK1"}, {"name": "thread", "value": "11880-MainThread"}, {"name": "framework", "value": "pytest"}, {"name": "language", "value": "cpython3"}, {"name": "package", "value": "tests.test_login"}]}