{"name": "test_help_menu_links_present", "status": "broken", "statusDetails": {"message": "selenium.common.exceptions.TimeoutException: Message: \nStacktrace:\n\tGetHandleVerifier [0x00007FF760608EF2+54786]\n\t(No symbol) [0x00007FF760575612]\n\t(No symbol) [0x00007FF76042A64B]\n\t(No symbol) [0x00007FF76046B79C]\n\t(No symbol) [0x00007FF76046B91C]\n\t(No symbol) [0x00007FF7604A6D87]\n\t(No symbol) [0x00007FF76048BEAF]\n\t(No symbol) [0x00007FF7604A4D02]\n\t(No symbol) [0x00007FF76048BC43]\n\t(No symbol) [0x00007FF760460941]\n\t(No symbol) [0x00007FF760461B84]\n\tGetHandleVerifier [0x00007FF760957F52+3524194]\n\tGetHandleVerifier [0x00007FF7609AD800+3874576]\n\tGetHandleVerifier [0x00007FF7609A5D7F+3843215]\n\tGetHandleVerifier [0x00007FF7606A5086+694166]\n\t(No symbol) [0x00007FF760580A88]\n\t(No symbol) [0x00007FF76057CA94]\n\t(No symbol) [0x00007FF76057CBC2]\n\t(No symbol) [0x00007FF76056CC83]\n\tBaseThreadInitThunk [0x00007FFE07837344+20]\n\tRtlUserThreadStart [0x00007FFE082426B1+33]", "trace": "browser = <selenium.webdriver.chrome.webdriver.WebDriver (session=\"b0755e062a8469c0a73e31577d13ead4\")>, knowledge_text = 'Knowledge Base'\ncontact_us_text = 'Contact Us', roadmap_text = 'Product Roadmap', suggest_feature_text = 'Suggest a feature'\n\n    def test_help_menu_links_present(browser, knowledge_text, contact_us_text, roadmap_text, suggest_feature_text):\n        # steps\n        help_menu = HelpMenu(browser, PLANNERS_URL)\n>       help_menu.load()\n\ntests\\test_header.py:74: \n_ _ _ _ _ _ _ _ _ _ _ _ _ _ _ _ _ _ _ _ _ _ _ _ _ _ _ _ _ _ _ _ _ _ _ _ _ _ _ _ _ _ _ _ _ _ _ _ _ _ _ _ _ _ _ _ _ _ _ _ _ _ _ _ _ _ _ _ _ _ _ _ _ _\npages\\header.py:192: in load\n    WebDriverWait(self.browser, 15).until(EC.presence_of_element_located(self.help_menu1))\n_ _ _ _ _ _ _ _ _ _ _ _ _ _ _ _ _ _ _ _ _ _ _ _ _ _ _ _ _ _ _ _ _ _ _ _ _ _ _ _ _ _ _ _ _ _ _ _ _ _ _ _ _ _ _ _ _ _ _ _ _ _ _ _ _ _ _ _ _ _ _ _ _ _\n\nself = <selenium.webdriver.support.wait.WebDriverWait (session=\"b0755e062a8469c0a73e31577d13ead4\")>\nmethod = <function presence_of_element_located.<locals>._predicate at 0x000001FE70E8C550>, message = ''\n\n    def until(self, method, message: str = \"\"):\n        \"\"\"Calls the method provided with the driver as an argument until the \\\n        return value does not evaluate to ``False``.\n    \n        :param method: callable(WebDriver)\n        :param message: optional message for :exc:`TimeoutException`\n        :returns: the result of the last call to `method`\n        :raises: :exc:`selenium.common.exceptions.TimeoutException` if timeout occurs\n        \"\"\"\n        screen = None\n        stacktrace = None\n    \n        end_time = time.monotonic() + self._timeout\n        while True:\n            try:\n                value = method(self._driver)\n                if value:\n                    return value\n            except self._ignored_exceptions as exc:\n                screen = getattr(exc, \"screen\", None)\n                stacktrace = getattr(exc, \"stacktrace\", None)\n            time.sleep(self._poll)\n            if time.monotonic() > end_time:\n                break\n>       raise TimeoutException(message, screen, stacktrace)\nE       selenium.common.exceptions.TimeoutException: Message: \nE       Stacktrace:\nE       \tGetHandleVerifier [0x00007FF760608EF2+54786]\nE       \t(No symbol) [0x00007FF760575612]\nE       \t(No symbol) [0x00007FF76042A64B]\nE       \t(No symbol) [0x00007FF76046B79C]\nE       \t(No symbol) [0x00007FF76046B91C]\nE       \t(No symbol) [0x00007FF7604A6D87]\nE       \t(No symbol) [0x00007FF76048BEAF]\nE       \t(No symbol) [0x00007FF7604A4D02]\nE       \t(No symbol) [0x00007FF76048BC43]\nE       \t(No symbol) [0x00007FF760460941]\nE       \t(No symbol) [0x00007FF760461B84]\nE       \tGetHandleVerifier [0x00007FF760957F52+3524194]\nE       \tGetHandleVerifier [0x00007FF7609AD800+3874576]\nE       \tGetHandleVerifier [0x00007FF7609A5D7F+3843215]\nE       \tGetHandleVerifier [0x00007FF7606A5086+694166]\nE       \t(No symbol) [0x00007FF760580A88]\nE       \t(No symbol) [0x00007FF76057CA94]\nE       \t(No symbol) [0x00007FF76057CBC2]\nE       \t(No symbol) [0x00007FF76056CC83]\nE       \tBaseThreadInitThunk [0x00007FFE07837344+20]\nE       \tRtlUserThreadStart [0x00007FFE082426B1+33]\n\n..\\pythonProject\\venv\\lib\\site-packages\\selenium\\webdriver\\support\\wait.py:95: TimeoutException"}, "start": 1698151919484, "stop": 1698151935101, "uuid": "bf952b99-d040-484f-88bf-7517e24acf3a", "historyId": "17b8605f1a656933396f455293dcfd98", "testCaseId": "17b8605f1a656933396f455293dcfd98", "fullName": "tests.test_header#test_help_menu_links_present", "labels": [{"name": "parentSuite", "value": "tests"}, {"name": "suite", "value": "test_header"}, {"name": "host", "value": "DESKTOP-Q7U6EK1"}, {"name": "thread", "value": "14400-MainThread"}, {"name": "framework", "value": "pytest"}, {"name": "language", "value": "cpython3"}, {"name": "package", "value": "tests.test_header"}]}