{"name": "test_user_menu_links_present", "status": "failed", "statusDetails": {"message": "AssertionError: assert 7 == 4\n +  where 7 = <bound method UserMenu.user_menu_links_count of <pages.header.UserMenu object at 0x000001FE70E52790>>()\n +    where <bound method UserMenu.user_menu_links_count of <pages.header.UserMenu object at 0x000001FE70E52790>> = <pages.header.UserMenu object at 0x000001FE70E52790>.user_menu_links_count", "trace": "browser = <selenium.webdriver.chrome.webdriver.WebDriver (session=\"b0755e062a8469c0a73e31577d13ead4\")>, profile_text = 'Profile'\nmy_week_text = 'My Week', organization_text = 'Organization'\n\n    def test_user_menu_links_present(browser, profile_text, my_week_text, organization_text):\n        # steps\n        header_instance = Header(browser, PLANNERS_URL)\n        user_menu_instance = UserMenu(browser, PLANNERS_URL)\n        header_instance.load()\n        header_instance.open_user_menu()\n        # Expected result\n>       assert user_menu_instance.user_menu_links_count() == 4\nE       assert 7 == 4\nE        +  where 7 = <bound method UserMenu.user_menu_links_count of <pages.header.UserMenu object at 0x000001FE70E52790>>()\nE        +    where <bound method UserMenu.user_menu_links_count of <pages.header.UserMenu object at 0x000001FE70E52790>> = <pages.header.UserMenu object at 0x000001FE70E52790>.user_menu_links_count\n\ntests\\test_header.py:44: AssertionError"}, "start": 1698151897195, "stop": 1698151901399, "uuid": "9d9156b8-7acb-49db-8404-29650ca87f7c", "historyId": "4959a7ab5821ccc47ab9da008a790480", "testCaseId": "4959a7ab5821ccc47ab9da008a790480", "fullName": "tests.test_header#test_user_menu_links_present", "labels": [{"name": "parentSuite", "value": "tests"}, {"name": "suite", "value": "test_header"}, {"name": "host", "value": "DESKTOP-Q7U6EK1"}, {"name": "thread", "value": "14400-MainThread"}, {"name": "framework", "value": "pytest"}, {"name": "language", "value": "cpython3"}, {"name": "package", "value": "tests.test_header"}]}