{"name": "test_elements_present_in_header", "status": "failed", "statusDetails": {"message": "AssertionError", "trace": "browser = <selenium.webdriver.chrome.webdriver.WebDriver (session=\"bfb46c59ad132e24717688ac27d463c8\")>, planning_text = 'Planning'\nactuals_text = 'Actuals', dashboard_text = 'Dashboard', users_text = 'Users', projects_text = 'Projects', user_menu_text = 'John\\nJS'\n\n    def test_elements_present_in_header(browser, planning_text, actuals_text, dashboard_text, users_text, projects_text,\n                                        user_menu_text):\n        # steps\n        header = Header(browser, PLANNERS_URL)\n>       header.verify_elements_present()\n\ntests\\test_header.py:27: \n_ _ _ _ _ _ _ _ _ _ _ _ _ _ _ _ _ _ _ _ _ _ _ _ _ _ _ _ _ _ _ _ _ _ _ _ _ _ _ _ _ _ _ _ _ _ _ _ _ _ _ _ _ _ _ _ _ _ _ _ _ _ _ _ _ _ _ _ _ _ _ _ _ _\n\nself = <pages.header.Header object at 0x00000153AF573AF0>\n\n    def verify_elements_present(self):\n        assert self.browser.find_element(*self.header).is_displayed()\n>       assert self.browser.find_element(*self.header_logo).is_displayed()\nE       AssertionError\n\npages\\header.py:99: AssertionError"}, "start": 1698096230477, "stop": 1698096230567, "uuid": "b86598c7-0525-4922-96bb-76235c91decf", "historyId": "c87910fda1448c58cc28e8d49059be88", "testCaseId": "c87910fda1448c58cc28e8d49059be88", "fullName": "tests.test_header#test_elements_present_in_header", "labels": [{"name": "parentSuite", "value": "tests"}, {"name": "suite", "value": "test_header"}, {"name": "host", "value": "DESKTOP-Q7U6EK1"}, {"name": "thread", "value": "11880-MainThread"}, {"name": "framework", "value": "pytest"}, {"name": "language", "value": "cpython3"}, {"name": "package", "value": "tests.test_header"}]}