{"name": "test_blank_password_login[teambooktest@gmail.com-]", "status": "broken", "statusDetails": {"message": "selenium.common.exceptions.TimeoutException: Message: \nStacktrace:\n\tGetHandleVerifier [0x00007FF760608EF2+54786]\n\t(No symbol) [0x00007FF760575612]\n\t(No symbol) [0x00007FF76042A64B]\n\t(No symbol) [0x00007FF76046B79C]\n\t(No symbol) [0x00007FF76046B91C]\n\t(No symbol) [0x00007FF7604A6D87]\n\t(No symbol) [0x00007FF76048BEAF]\n\t(No symbol) [0x00007FF7604A4D02]\n\t(No symbol) [0x00007FF76048BC43]\n\t(No symbol) [0x00007FF760460941]\n\t(No symbol) [0x00007FF760461B84]\n\tGetHandleVerifier [0x00007FF760957F52+3524194]\n\tGetHandleVerifier [0x00007FF7609AD800+3874576]\n\tGetHandleVerifier [0x00007FF7609A5D7F+3843215]\n\tGetHandleVerifier [0x00007FF7606A5086+694166]\n\t(No symbol) [0x00007FF760580A88]\n\t(No symbol) [0x00007FF76057CA94]\n\t(No symbol) [0x00007FF76057CBC2]\n\t(No symbol) [0x00007FF76056CC83]\n\tBaseThreadInitThunk [0x00007FFE07837344+20]\n\tRtlUserThreadStart [0x00007FFE082426B1+33]", "trace": "browser = <selenium.webdriver.chrome.webdriver.WebDriver (session=\"b0755e062a8469c0a73e31577d13ead4\")>\n\n    @pytest.fixture(scope=\"function\")\n    def login_page(browser):\n        page = LoginPage(browser, LOGIN_URL)\n>       page.load()\n\nconftest.py:39: \n_ _ _ _ _ _ _ _ _ _ _ _ _ _ _ _ _ _ _ _ _ _ _ _ _ _ _ _ _ _ _ _ _ _ _ _ _ _ _ _ _ _ _ _ _ _ _ _ _ _ _ _ _ _ _ _ _ _ _ _ _ _ _ _ _ _ _ _ _ _ _ _ _ _\npages\\login_page.py:20: in load\n    WebDriverWait(self.browser, 10).until(EC.presence_of_element_located(self.email_input))\n_ _ _ _ _ _ _ _ _ _ _ _ _ _ _ _ _ _ _ _ _ _ _ _ _ _ _ _ _ _ _ _ _ _ _ _ _ _ _ _ _ _ _ _ _ _ _ _ _ _ _ _ _ _ _ _ _ _ _ _ _ _ _ _ _ _ _ _ _ _ _ _ _ _\n\nself = <selenium.webdriver.support.wait.WebDriverWait (session=\"b0755e062a8469c0a73e31577d13ead4\")>\nmethod = <function presence_of_element_located.<locals>._predicate at 0x000001FE70F31F70>, message = ''\n\n    def until(self, method, message: str = \"\"):\n        \"\"\"Calls the method provided with the driver as an argument until the \\\n        return value does not evaluate to ``False``.\n    \n        :param method: callable(WebDriver)\n        :param message: optional message for :exc:`TimeoutException`\n        :returns: the result of the last call to `method`\n        :raises: :exc:`selenium.common.exceptions.TimeoutException` if timeout occurs\n        \"\"\"\n        screen = None\n        stacktrace = None\n    \n        end_time = time.monotonic() + self._timeout\n        while True:\n            try:\n                value = method(self._driver)\n                if value:\n                    return value\n            except self._ignored_exceptions as exc:\n                screen = getattr(exc, \"screen\", None)\n                stacktrace = getattr(exc, \"stacktrace\", None)\n            time.sleep(self._poll)\n            if time.monotonic() > end_time:\n                break\n>       raise TimeoutException(message, screen, stacktrace)\nE       selenium.common.exceptions.TimeoutException: Message: \nE       Stacktrace:\nE       \tGetHandleVerifier [0x00007FF760608EF2+54786]\nE       \t(No symbol) [0x00007FF760575612]\nE       \t(No symbol) [0x00007FF76042A64B]\nE       \t(No symbol) [0x00007FF76046B79C]\nE       \t(No symbol) [0x00007FF76046B91C]\nE       \t(No symbol) [0x00007FF7604A6D87]\nE       \t(No symbol) [0x00007FF76048BEAF]\nE       \t(No symbol) [0x00007FF7604A4D02]\nE       \t(No symbol) [0x00007FF76048BC43]\nE       \t(No symbol) [0x00007FF760460941]\nE       \t(No symbol) [0x00007FF760461B84]\nE       \tGetHandleVerifier [0x00007FF760957F52+3524194]\nE       \tGetHandleVerifier [0x00007FF7609AD800+3874576]\nE       \tGetHandleVerifier [0x00007FF7609A5D7F+3843215]\nE       \tGetHandleVerifier [0x00007FF7606A5086+694166]\nE       \t(No symbol) [0x00007FF760580A88]\nE       \t(No symbol) [0x00007FF76057CA94]\nE       \t(No symbol) [0x00007FF76057CBC2]\nE       \t(No symbol) [0x00007FF76056CC83]\nE       \tBaseThreadInitThunk [0x00007FFE07837344+20]\nE       \tRtlUserThreadStart [0x00007FFE082426B1+33]\n\n..\\pythonProject\\venv\\lib\\site-packages\\selenium\\webdriver\\support\\wait.py:95: TimeoutException"}, "parameters": [{"name": "valid_email", "value": "'teambooktest@gmail.com'"}, {"name": "password", "value": "''"}], "start": 1698151949548, "stop": 1698151949548, "uuid": "1035253b-29ca-4b19-b21f-4019b9a897f8", "historyId": "8bc72cdc99016ccd4e0094dc12a54f70", "testCaseId": "a54a3d5c3b55953a078f9fa3b42b4e64", "fullName": "tests.test_login#test_blank_password_login", "labels": [{"name": "parentSuite", "value": "tests"}, {"name": "suite", "value": "test_login"}, {"name": "host", "value": "DESKTOP-Q7U6EK1"}, {"name": "thread", "value": "14400-MainThread"}, {"name": "framework", "value": "pytest"}, {"name": "language", "value": "cpython3"}, {"name": "package", "value": "tests.test_login"}]}