{"name": "test_actual_link_opens", "status": "broken", "statusDetails": {"message": "selenium.common.exceptions.TimeoutException: Message: \nStacktrace:\n\tGetHandleVerifier [0x00007FF708F48EF2+54786]\n\t(No symbol) [0x00007FF708EB5612]\n\t(No symbol) [0x00007FF708D6A64B]\n\t(No symbol) [0x00007FF708DAB79C]\n\t(No symbol) [0x00007FF708DAB91C]\n\t(No symbol) [0x00007FF708DE6D87]\n\t(No symbol) [0x00007FF708DCBEAF]\n\t(No symbol) [0x00007FF708DE4D02]\n\t(No symbol) [0x00007FF708DCBC43]\n\t(No symbol) [0x00007FF708DA0941]\n\t(No symbol) [0x00007FF708DA1B84]\n\tGetHandleVerifier [0x00007FF709297F52+3524194]\n\tGetHandleVerifier [0x00007FF7092ED800+3874576]\n\tGetHandleVerifier [0x00007FF7092E5D7F+3843215]\n\tGetHandleVerifier [0x00007FF708FE5086+694166]\n\t(No symbol) [0x00007FF708EC0A88]\n\t(No symbol) [0x00007FF708EBCA94]\n\t(No symbol) [0x00007FF708EBCBC2]\n\t(No symbol) [0x00007FF708EACC83]\n\tBaseThreadInitThunk [0x00007FFE07837344+20]\n\tRtlUserThreadStart [0x00007FFE082426B1+33]", "trace": "browser = <selenium.webdriver.chrome.webdriver.WebDriver (session=\"000eb357a0cf21451d205b2058a710b1\")>\n\n    def test_actual_link_opens(browser):\n        # steps\n        header_instance = Header(browser, PLANNERS_URL)\n>       header_instance.click_actual_link()\n\ntests\\test_header.py:89: \n_ _ _ _ _ _ _ _ _ _ _ _ _ _ _ _ _ _ _ _ _ _ _ _ _ _ _ _ _ _ _ _ _ _ _ _ _ _ _ _ _ _ _ _ _ _ _ _ _ _ _ _ _ _ _ _ _ _ _ _ _ _ _ _ _ _ _ _ _ _ _ _ _ _\npages\\header.py:73: in click_actual_link\n    dialog = WebDriverWait(self.browser, 15).until(\n_ _ _ _ _ _ _ _ _ _ _ _ _ _ _ _ _ _ _ _ _ _ _ _ _ _ _ _ _ _ _ _ _ _ _ _ _ _ _ _ _ _ _ _ _ _ _ _ _ _ _ _ _ _ _ _ _ _ _ _ _ _ _ _ _ _ _ _ _ _ _ _ _ _\n\nself = <selenium.webdriver.support.wait.WebDriverWait (session=\"000eb357a0cf21451d205b2058a710b1\")>\nmethod = <function visibility_of_element_located.<locals>._predicate at 0x000002309F0E1EE0>, message = ''\n\n    def until(self, method, message: str = \"\"):\n        \"\"\"Calls the method provided with the driver as an argument until the \\\n        return value does not evaluate to ``False``.\n    \n        :param method: callable(WebDriver)\n        :param message: optional message for :exc:`TimeoutException`\n        :returns: the result of the last call to `method`\n        :raises: :exc:`selenium.common.exceptions.TimeoutException` if timeout occurs\n        \"\"\"\n        screen = None\n        stacktrace = None\n    \n        end_time = time.monotonic() + self._timeout\n        while True:\n            try:\n                value = method(self._driver)\n                if value:\n                    return value\n            except self._ignored_exceptions as exc:\n                screen = getattr(exc, \"screen\", None)\n                stacktrace = getattr(exc, \"stacktrace\", None)\n            time.sleep(self._poll)\n            if time.monotonic() > end_time:\n                break\n>       raise TimeoutException(message, screen, stacktrace)\nE       selenium.common.exceptions.TimeoutException: Message: \nE       Stacktrace:\nE       \tGetHandleVerifier [0x00007FF708F48EF2+54786]\nE       \t(No symbol) [0x00007FF708EB5612]\nE       \t(No symbol) [0x00007FF708D6A64B]\nE       \t(No symbol) [0x00007FF708DAB79C]\nE       \t(No symbol) [0x00007FF708DAB91C]\nE       \t(No symbol) [0x00007FF708DE6D87]\nE       \t(No symbol) [0x00007FF708DCBEAF]\nE       \t(No symbol) [0x00007FF708DE4D02]\nE       \t(No symbol) [0x00007FF708DCBC43]\nE       \t(No symbol) [0x00007FF708DA0941]\nE       \t(No symbol) [0x00007FF708DA1B84]\nE       \tGetHandleVerifier [0x00007FF709297F52+3524194]\nE       \tGetHandleVerifier [0x00007FF7092ED800+3874576]\nE       \tGetHandleVerifier [0x00007FF7092E5D7F+3843215]\nE       \tGetHandleVerifier [0x00007FF708FE5086+694166]\nE       \t(No symbol) [0x00007FF708EC0A88]\nE       \t(No symbol) [0x00007FF708EBCA94]\nE       \t(No symbol) [0x00007FF708EBCBC2]\nE       \t(No symbol) [0x00007FF708EACC83]\nE       \tBaseThreadInitThunk [0x00007FFE07837344+20]\nE       \tRtlUserThreadStart [0x00007FFE082426B1+33]\n\n..\\pythonProject\\venv\\lib\\site-packages\\selenium\\webdriver\\support\\wait.py:95: TimeoutException"}, "start": 1698153616452, "stop": 1698153631883, "uuid": "38467139-1db1-4895-9be2-6a00a79617f2", "historyId": "3116fd2b02316fc6b0320749e217e4b9", "testCaseId": "3116fd2b02316fc6b0320749e217e4b9", "fullName": "tests.test_header#test_actual_link_opens", "labels": [{"name": "parentSuite", "value": "tests"}, {"name": "suite", "value": "test_header"}, {"name": "host", "value": "DESKTOP-Q7U6EK1"}, {"name": "thread", "value": "20152-MainThread"}, {"name": "framework", "value": "pytest"}, {"name": "language", "value": "cpython3"}, {"name": "package", "value": "tests.test_header"}]}