{"name": "test_create_organization", "status": "broken", "statusDetails": {"message": "selenium.common.exceptions.TimeoutException: Message: \nStacktrace:\n\tGetHandleVerifier [0x00007FF708F48EF2+54786]\n\t(No symbol) [0x00007FF708EB5612]\n\t(No symbol) [0x00007FF708D6A64B]\n\t(No symbol) [0x00007FF708DAB79C]\n\t(No symbol) [0x00007FF708DAB91C]\n\t(No symbol) [0x00007FF708DE6D87]\n\t(No symbol) [0x00007FF708DCBEAF]\n\t(No symbol) [0x00007FF708DE4D02]\n\t(No symbol) [0x00007FF708DCBC43]\n\t(No symbol) [0x00007FF708DA0941]\n\t(No symbol) [0x00007FF708DA1B84]\n\tGetHandleVerifier [0x00007FF709297F52+3524194]\n\tGetHandleVerifier [0x00007FF7092ED800+3874576]\n\tGetHandleVerifier [0x00007FF7092E5D7F+3843215]\n\tGetHandleVerifier [0x00007FF708FE5086+694166]\n\t(No symbol) [0x00007FF708EC0A88]\n\t(No symbol) [0x00007FF708EBCA94]\n\t(No symbol) [0x00007FF708EBCBC2]\n\t(No symbol) [0x00007FF708EACC83]\n\tBaseThreadInitThunk [0x00007FFE07837344+20]\n\tRtlUserThreadStart [0x00007FFE082426B1+33]", "trace": "browser = <selenium.webdriver.chrome.webdriver.WebDriver (session=\"4aa9b422c4ae90655aeee396b10af214\")>\n\n    @pytest.fixture(scope=\"function\")\n    def login_page(browser):\n        page = LoginPage(browser, LOGIN_URL)\n>       page.load()\n\nconftest.py:39: \n_ _ _ _ _ _ _ _ _ _ _ _ _ _ _ _ _ _ _ _ _ _ _ _ _ _ _ _ _ _ _ _ _ _ _ _ _ _ _ _ _ _ _ _ _ _ _ _ _ _ _ _ _ _ _ _ _ _ _ _ _ _ _ _ _ _ _ _ _ _ _ _ _ _\npages\\login_page.py:20: in load\n    WebDriverWait(self.browser, 10).until(EC.presence_of_element_located(self.email_input))\n_ _ _ _ _ _ _ _ _ _ _ _ _ _ _ _ _ _ _ _ _ _ _ _ _ _ _ _ _ _ _ _ _ _ _ _ _ _ _ _ _ _ _ _ _ _ _ _ _ _ _ _ _ _ _ _ _ _ _ _ _ _ _ _ _ _ _ _ _ _ _ _ _ _\n\nself = <selenium.webdriver.support.wait.WebDriverWait (session=\"4aa9b422c4ae90655aeee396b10af214\")>\nmethod = <function presence_of_element_located.<locals>._predicate at 0x000002214F98B790>, message = ''\n\n    def until(self, method, message: str = \"\"):\n        \"\"\"Calls the method provided with the driver as an argument until the \\\n        return value does not evaluate to ``False``.\n    \n        :param method: callable(WebDriver)\n        :param message: optional message for :exc:`TimeoutException`\n        :returns: the result of the last call to `method`\n        :raises: :exc:`selenium.common.exceptions.TimeoutException` if timeout occurs\n        \"\"\"\n        screen = None\n        stacktrace = None\n    \n        end_time = time.monotonic() + self._timeout\n        while True:\n            try:\n                value = method(self._driver)\n                if value:\n                    return value\n            except self._ignored_exceptions as exc:\n                screen = getattr(exc, \"screen\", None)\n                stacktrace = getattr(exc, \"stacktrace\", None)\n            time.sleep(self._poll)\n            if time.monotonic() > end_time:\n                break\n>       raise TimeoutException(message, screen, stacktrace)\nE       selenium.common.exceptions.TimeoutException: Message: \nE       Stacktrace:\nE       \tGetHandleVerifier [0x00007FF708F48EF2+54786]\nE       \t(No symbol) [0x00007FF708EB5612]\nE       \t(No symbol) [0x00007FF708D6A64B]\nE       \t(No symbol) [0x00007FF708DAB79C]\nE       \t(No symbol) [0x00007FF708DAB91C]\nE       \t(No symbol) [0x00007FF708DE6D87]\nE       \t(No symbol) [0x00007FF708DCBEAF]\nE       \t(No symbol) [0x00007FF708DE4D02]\nE       \t(No symbol) [0x00007FF708DCBC43]\nE       \t(No symbol) [0x00007FF708DA0941]\nE       \t(No symbol) [0x00007FF708DA1B84]\nE       \tGetHandleVerifier [0x00007FF709297F52+3524194]\nE       \tGetHandleVerifier [0x00007FF7092ED800+3874576]\nE       \tGetHandleVerifier [0x00007FF7092E5D7F+3843215]\nE       \tGetHandleVerifier [0x00007FF708FE5086+694166]\nE       \t(No symbol) [0x00007FF708EC0A88]\nE       \t(No symbol) [0x00007FF708EBCA94]\nE       \t(No symbol) [0x00007FF708EBCBC2]\nE       \t(No symbol) [0x00007FF708EACC83]\nE       \tBaseThreadInitThunk [0x00007FFE07837344+20]\nE       \tRtlUserThreadStart [0x00007FFE082426B1+33]\n\n..\\pythonProject\\venv\\lib\\site-packages\\selenium\\webdriver\\support\\wait.py:95: TimeoutException"}, "start": 1698152925655, "stop": 1698152925655, "uuid": "85b7d4d9-b7ec-45a5-bc68-ec87e7353174", "historyId": "c54239e74c955b576457018cf79edfb6", "testCaseId": "c54239e74c955b576457018cf79edfb6", "fullName": "tests.test_register#test_create_organization", "labels": [{"name": "parentSuite", "value": "tests"}, {"name": "suite", "value": "test_register"}, {"name": "host", "value": "DESKTOP-Q7U6EK1"}, {"name": "thread", "value": "6668-MainThread"}, {"name": "framework", "value": "pytest"}, {"name": "language", "value": "cpython3"}, {"name": "package", "value": "tests.test_register"}]}