{"name": "test_elements_present_in_header", "status": "failed", "statusDetails": {"message": "AssertionError: assert 'John\\nJS' == 'Test\\nTQ'\n  - Test\n  - TQ\n  + John\n  + JS", "trace": "browser = <selenium.webdriver.chrome.webdriver.WebDriver (session=\"72428f1e5abd69449b08efe81a73925f\")>, planning_text = 'Planning'\nactuals_text = 'Actuals', dashboard_text = 'Dashboard', users_text = 'Users', projects_text = 'Projects', user_menu_text = 'Test\\nTQ'\n\n    def test_elements_present_in_header(browser, planning_text, actuals_text, dashboard_text, users_text, projects_text,\n                                        user_menu_text):\n        # steps\n        header = Header(browser, PLANNERS_URL)\n        header.verify_elements_present()\n        # Expected result\n        assert header.header_elements_text(3) == planning_text\n        assert header.header_elements_text(4) == actuals_text\n        assert header.header_elements_text(5) == dashboard_text\n        assert header.header_elements_text(6) == users_text\n        assert header.header_elements_text(7) == projects_text\n>       assert header.header_elements_text(9) == user_menu_text\nE       AssertionError: assert 'John\\nJS' == 'Test\\nTQ'\nE         - Test\nE         - TQ\nE         + John\nE         + JS\n\ntests\\test_header.py:34: AssertionError"}, "start": 1698152008962, "stop": 1698152009525, "uuid": "78197c3f-7d60-46bb-87af-ac032e30bdb0", "historyId": "c87910fda1448c58cc28e8d49059be88", "testCaseId": "c87910fda1448c58cc28e8d49059be88", "fullName": "tests.test_header#test_elements_present_in_header", "labels": [{"name": "parentSuite", "value": "tests"}, {"name": "suite", "value": "test_header"}, {"name": "host", "value": "DESKTOP-Q7U6EK1"}, {"name": "thread", "value": "13108-MainThread"}, {"name": "framework", "value": "pytest"}, {"name": "language", "value": "cpython3"}, {"name": "package", "value": "tests.test_header"}]}