{"name": "test_delete_organization", "status": "broken", "statusDetails": {"message": "selenium.common.exceptions.StaleElementReferenceException: Message: stale element reference: stale element not found\n  (Session info: chrome=118.0.5993.89)\nStacktrace:\n\tGetHandleVerifier [0x00007FF6F10D7D32+55474]\n\t(No symbol) [0x00007FF6F10477E2]\n\t(No symbol) [0x00007FF6F0EFE0EB]\n\t(No symbol) [0x00007FF6F0F0B8AA]\n\t(No symbol) [0x00007FF6F0F02F09]\n\t(No symbol) [0x00007FF6F0F01DC2]\n\t(No symbol) [0x00007FF6F0F0460F]\n\t(No symbol) [0x00007FF6F0F04700]\n\t(No symbol) [0x00007FF6F0F3F87C]\n\t(No symbol) [0x00007FF6F0F3F992]\n\t(No symbol) [0x00007FF6F0F3823F]\n\t(No symbol) [0x00007FF6F0F5F15A]\n\t(No symbol) [0x00007FF6F0F356E6]\n\t(No symbol) [0x00007FF6F0F5F370]\n\t(No symbol) [0x00007FF6F0F77EF2]\n\t(No symbol) [0x00007FF6F0F5EF33]\n\t(No symbol) [0x00007FF6F0F33D41]\n\t(No symbol) [0x00007FF6F0F34F84]\n\tGetHandleVerifier [0x00007FF6F143B772+3609330]\n\tGetHandleVerifier [0x00007FF6F1491A90+3962384]\n\tGetHandleVerifier [0x00007FF6F1489F1F+3930783]\n\tGetHandleVerifier [0x00007FF6F1173CC6+694342]\n\t(No symbol) [0x00007FF6F1052238]\n\t(No symbol) [0x00007FF6F104E4A4]\n\t(No symbol) [0x00007FF6F104E5D2]\n\t(No symbol) [0x00007FF6F103EE33]\n\tBaseThreadInitThunk [0x00007FFE07837344+20]\n\tRtlUserThreadStart [0x00007FFE082426B1+33]", "trace": "browser = <selenium.webdriver.chrome.webdriver.WebDriver (session=\"0cfda67c80b74b43d870b26974b08788\")>\nlogin_page = <pages.login_page.LoginPage object at 0x000001875C5FF9A0>\nregistration_data = {'company_name': 'Test test Company1', 'email': 'test@example.com', 'first_name': 'John', 'last_name': 'Doe', ...}\n\n    def test_delete_organization(browser, login_page, registration_data):\n        # precondition\n        email, password = registration_data[\"email\"], registration_data[\"password\"]\n>       login_page.login(email, password)\n\ntests\\test_settings.py:9: \n_ _ _ _ _ _ _ _ _ _ _ _ _ _ _ _ _ _ _ _ _ _ _ _ _ _ _ _ _ _ _ _ _ _ _ _ _ _ _ _ _ _ _ _ _ _ _ _ _ _ _ _ _ _ _ _ _ _ _ _ _ _ _ _ _ _ _ _ _ _ _ _ _ _\npages\\login_page.py:23: in login\n    self.browser.find_element(*self.email_input).send_keys(email)\nvenv\\lib\\site-packages\\selenium\\webdriver\\remote\\webelement.py:231: in send_keys\n    self._execute(\nvenv\\lib\\site-packages\\selenium\\webdriver\\remote\\webelement.py:403: in _execute\n    return self._parent.execute(command, params)\nvenv\\lib\\site-packages\\selenium\\webdriver\\remote\\webdriver.py:440: in execute\n    self.error_handler.check_response(response)\n_ _ _ _ _ _ _ _ _ _ _ _ _ _ _ _ _ _ _ _ _ _ _ _ _ _ _ _ _ _ _ _ _ _ _ _ _ _ _ _ _ _ _ _ _ _ _ _ _ _ _ _ _ _ _ _ _ _ _ _ _ _ _ _ _ _ _ _ _ _ _ _ _ _\n\nself = <selenium.webdriver.remote.errorhandler.ErrorHandler object at 0x000001875C4F0FD0>\nresponse = {'status': 404, 'value': '{\"value\":{\"error\":\"stale element reference\",\"message\":\"stale element reference: stale elemen...07FF6F103EE33]\\\\n\\\\tBaseThreadInitThunk [0x00007FFE07837344+20]\\\\n\\\\tRtlUserThreadStart [0x00007FFE082426B1+33]\\\\n\"}}'}\n\n    def check_response(self, response: Dict[str, Any]) -> None:\n        \"\"\"Checks that a JSON response from the WebDriver does not have an\n        error.\n    \n        :Args:\n         - response - The JSON response from the WebDriver server as a dictionary\n           object.\n    \n        :Raises: If the response contains an error message.\n        \"\"\"\n        status = response.get(\"status\", None)\n        if not status or status == ErrorCode.SUCCESS:\n            return\n        value = None\n        message = response.get(\"message\", \"\")\n        screen: str = response.get(\"screen\", \"\")\n        stacktrace = None\n        if isinstance(status, int):\n            value_json = response.get(\"value\", None)\n            if value_json and isinstance(value_json, str):\n                import json\n    \n                try:\n                    value = json.loads(value_json)\n                    if len(value) == 1:\n                        value = value[\"value\"]\n                    status = value.get(\"error\", None)\n                    if not status:\n                        status = value.get(\"status\", ErrorCode.UNKNOWN_ERROR)\n                        message = value.get(\"value\") or value.get(\"message\")\n                        if not isinstance(message, str):\n                            value = message\n                            message = message.get(\"message\")\n                    else:\n                        message = value.get(\"message\", None)\n                except ValueError:\n                    pass\n    \n        exception_class: Type[WebDriverException]\n        if status in ErrorCode.NO_SUCH_ELEMENT:\n            exception_class = NoSuchElementException\n        elif status in ErrorCode.NO_SUCH_FRAME:\n            exception_class = NoSuchFrameException\n        elif status in ErrorCode.NO_SUCH_SHADOW_ROOT:\n            exception_class = NoSuchShadowRootException\n        elif status in ErrorCode.NO_SUCH_WINDOW:\n            exception_class = NoSuchWindowException\n        elif status in ErrorCode.STALE_ELEMENT_REFERENCE:\n            exception_class = StaleElementReferenceException\n        elif status in ErrorCode.ELEMENT_NOT_VISIBLE:\n            exception_class = ElementNotVisibleException\n        elif status in ErrorCode.INVALID_ELEMENT_STATE:\n            exception_class = InvalidElementStateException\n        elif (\n            status in ErrorCode.INVALID_SELECTOR\n            or status in ErrorCode.INVALID_XPATH_SELECTOR\n            or status in ErrorCode.INVALID_XPATH_SELECTOR_RETURN_TYPER\n        ):\n            exception_class = InvalidSelectorException\n        elif status in ErrorCode.ELEMENT_IS_NOT_SELECTABLE:\n            exception_class = ElementNotSelectableException\n        elif status in ErrorCode.ELEMENT_NOT_INTERACTABLE:\n            exception_class = ElementNotInteractableException\n        elif status in ErrorCode.INVALID_COOKIE_DOMAIN:\n            exception_class = InvalidCookieDomainException\n        elif status in ErrorCode.UNABLE_TO_SET_COOKIE:\n            exception_class = UnableToSetCookieException\n        elif status in ErrorCode.TIMEOUT:\n            exception_class = TimeoutException\n        elif status in ErrorCode.SCRIPT_TIMEOUT:\n            exception_class = TimeoutException\n        elif status in ErrorCode.UNKNOWN_ERROR:\n            exception_class = WebDriverException\n        elif status in ErrorCode.UNEXPECTED_ALERT_OPEN:\n            exception_class = UnexpectedAlertPresentException\n        elif status in ErrorCode.NO_ALERT_OPEN:\n            exception_class = NoAlertPresentException\n        elif status in ErrorCode.IME_NOT_AVAILABLE:\n            exception_class = ImeNotAvailableException\n        elif status in ErrorCode.IME_ENGINE_ACTIVATION_FAILED:\n            exception_class = ImeActivationFailedException\n        elif status in ErrorCode.MOVE_TARGET_OUT_OF_BOUNDS:\n            exception_class = MoveTargetOutOfBoundsException\n        elif status in ErrorCode.JAVASCRIPT_ERROR:\n            exception_class = JavascriptException\n        elif status in ErrorCode.SESSION_NOT_CREATED:\n            exception_class = SessionNotCreatedException\n        elif status in ErrorCode.INVALID_ARGUMENT:\n            exception_class = InvalidArgumentException\n        elif status in ErrorCode.NO_SUCH_COOKIE:\n            exception_class = NoSuchCookieException\n        elif status in ErrorCode.UNABLE_TO_CAPTURE_SCREEN:\n            exception_class = ScreenshotException\n        elif status in ErrorCode.ELEMENT_CLICK_INTERCEPTED:\n            exception_class = ElementClickInterceptedException\n        elif status in ErrorCode.INSECURE_CERTIFICATE:\n            exception_class = InsecureCertificateException\n        elif status in ErrorCode.INVALID_COORDINATES:\n            exception_class = InvalidCoordinatesException\n        elif status in ErrorCode.INVALID_SESSION_ID:\n            exception_class = InvalidSessionIdException\n        elif status in ErrorCode.UNKNOWN_METHOD:\n            exception_class = UnknownMethodException\n        else:\n            exception_class = WebDriverException\n        if not value:\n            value = response[\"value\"]\n        if isinstance(value, str):\n            raise exception_class(value)\n        if message == \"\" and \"message\" in value:\n            message = value[\"message\"]\n    \n        screen = None  # type: ignore[assignment]\n        if \"screen\" in value:\n            screen = value[\"screen\"]\n    \n        stacktrace = None\n        st_value = value.get(\"stackTrace\") or value.get(\"stacktrace\")\n        if st_value:\n            if isinstance(st_value, str):\n                stacktrace = st_value.split(\"\\n\")\n            else:\n                stacktrace = []\n                try:\n                    for frame in st_value:\n                        line = frame.get(\"lineNumber\", \"\")\n                        file = frame.get(\"fileName\", \"<anonymous>\")\n                        if line:\n                            file = f\"{file}:{line}\"\n                        meth = frame.get(\"methodName\", \"<anonymous>\")\n                        if \"className\" in frame:\n                            meth = f\"{frame['className']}.{meth}\"\n                        msg = \"    at %s (%s)\"\n                        msg = msg % (meth, file)\n                        stacktrace.append(msg)\n                except TypeError:\n                    pass\n        if exception_class == UnexpectedAlertPresentException:\n            alert_text = None\n            if \"data\" in value:\n                alert_text = value[\"data\"].get(\"text\")\n            elif \"alert\" in value:\n                alert_text = value[\"alert\"].get(\"text\")\n            raise exception_class(message, screen, stacktrace, alert_text)  # type: ignore[call-arg]  # mypy is not smart enough here\n>       raise exception_class(message, screen, stacktrace)\nE       selenium.common.exceptions.StaleElementReferenceException: Message: stale element reference: stale element not found\nE         (Session info: chrome=118.0.5993.89)\nE       Stacktrace:\nE       \tGetHandleVerifier [0x00007FF6F10D7D32+55474]\nE       \t(No symbol) [0x00007FF6F10477E2]\nE       \t(No symbol) [0x00007FF6F0EFE0EB]\nE       \t(No symbol) [0x00007FF6F0F0B8AA]\nE       \t(No symbol) [0x00007FF6F0F02F09]\nE       \t(No symbol) [0x00007FF6F0F01DC2]\nE       \t(No symbol) [0x00007FF6F0F0460F]\nE       \t(No symbol) [0x00007FF6F0F04700]\nE       \t(No symbol) [0x00007FF6F0F3F87C]\nE       \t(No symbol) [0x00007FF6F0F3F992]\nE       \t(No symbol) [0x00007FF6F0F3823F]\nE       \t(No symbol) [0x00007FF6F0F5F15A]\nE       \t(No symbol) [0x00007FF6F0F356E6]\nE       \t(No symbol) [0x00007FF6F0F5F370]\nE       \t(No symbol) [0x00007FF6F0F77EF2]\nE       \t(No symbol) [0x00007FF6F0F5EF33]\nE       \t(No symbol) [0x00007FF6F0F33D41]\nE       \t(No symbol) [0x00007FF6F0F34F84]\nE       \tGetHandleVerifier [0x00007FF6F143B772+3609330]\nE       \tGetHandleVerifier [0x00007FF6F1491A90+3962384]\nE       \tGetHandleVerifier [0x00007FF6F1489F1F+3930783]\nE       \tGetHandleVerifier [0x00007FF6F1173CC6+694342]\nE       \t(No symbol) [0x00007FF6F1052238]\nE       \t(No symbol) [0x00007FF6F104E4A4]\nE       \t(No symbol) [0x00007FF6F104E5D2]\nE       \t(No symbol) [0x00007FF6F103EE33]\nE       \tBaseThreadInitThunk [0x00007FFE07837344+20]\nE       \tRtlUserThreadStart [0x00007FFE082426B1+33]\n\nvenv\\lib\\site-packages\\selenium\\webdriver\\remote\\errorhandler.py:245: StaleElementReferenceException"}, "start": 1698097770366, "stop": 1698097770922, "uuid": "37e0fd83-0ebf-425b-91f5-eaecfed3fea7", "historyId": "c75cf7a380621e5a7253c131989c51f3", "testCaseId": "c75cf7a380621e5a7253c131989c51f3", "fullName": "tests.test_settings#test_delete_organization", "labels": [{"name": "parentSuite", "value": "tests"}, {"name": "suite", "value": "test_settings"}, {"name": "host", "value": "DESKTOP-Q7U6EK1"}, {"name": "thread", "value": "21884-MainThread"}, {"name": "framework", "value": "pytest"}, {"name": "language", "value": "cpython3"}, {"name": "package", "value": "tests.test_settings"}]}