{"name": "test_header_block_links[teambooktest@gmail.com-Test123!]", "status": "broken", "statusDetails": {"message": "selenium.common.exceptions.NoSuchElementException: Message: no such element: Unable to locate element: {\"method\":\"css selector\",\"selector\":\"[id=\"login-button\"]\"}\n  (Session info: chrome=118.0.5993.89); For documentation on this error, please visit: https://www.selenium.dev/documentation/webdriver/troubleshooting/errors#no-such-element-exception\nStacktrace:\n\tGetHandleVerifier [0x00007FF72EE88EF2+54786]\n\t(No symbol) [0x00007FF72EDF5612]\n\t(No symbol) [0x00007FF72ECAA64B]\n\t(No symbol) [0x00007FF72ECEB79C]\n\t(No symbol) [0x00007FF72ECEB91C]\n\t(No symbol) [0x00007FF72ED26D87]\n\t(No symbol) [0x00007FF72ED0BEAF]\n\t(No symbol) [0x00007FF72ED24D02]\n\t(No symbol) [0x00007FF72ED0BC43]\n\t(No symbol) [0x00007FF72ECE0941]\n\t(No symbol) [0x00007FF72ECE1B84]\n\tGetHandleVerifier [0x00007FF72F1D7F52+3524194]\n\tGetHandleVerifier [0x00007FF72F22D800+3874576]\n\tGetHandleVerifier [0x00007FF72F225D7F+3843215]\n\tGetHandleVerifier [0x00007FF72EF25086+694166]\n\t(No symbol) [0x00007FF72EE00A88]\n\t(No symbol) [0x00007FF72EDFCA94]\n\t(No symbol) [0x00007FF72EDFCBC2]\n\t(No symbol) [0x00007FF72EDECC83]\n\tBaseThreadInitThunk [0x00007FFE07837344+20]\n\tRtlUserThreadStart [0x00007FFE082426B1+33]", "trace": "browser = <selenium.webdriver.chrome.webdriver.WebDriver (session=\"04ea44131bc01fad1a6d83e69c95b867\")>, valid_email = 'teambooktest@gmail.com'\nvalid_password = 'Test123!', login_page = <pages.login_page.LoginPage object at 0x0000025CA76B8CB0>\nurls = ['LOGIN_URL = \"https://web.teambooktest.com/login\"', \"PLANNERS_URL = 'https://web.teambooktest.com/planners/'\", \"REGIS...ETE_URL = 'https://web.teambooktest.com/settings?page=delete'\", \"USER_URL = 'https://web.teambooktest.com/users'\", ...]\nplanning_text = 'Planning', actuals_text = 'Actuals', dashboard_text = 'Dashboard', users_text = 'Users', projects_text = 'Projects'\n\n    def test_header_block_links(browser, valid_email, valid_password, login_page, urls, planning_text, actuals_text,\n                                dashboard_text, users_text, projects_text):\n        # Preconditions\n        email, password = valid_email, valid_password\n>       login_page.login(email, password)\n\ntests\\test_header.py:9: \n_ _ _ _ _ _ _ _ _ _ _ _ _ _ _ _ _ _ _ _ _ _ _ _ _ _ _ _ _ _ _ _ _ _ _ _ _ _ _ _ _ _ _ _ _ _ _ _ _ _ _ _ _ _ _ _ _ _ _ _ _ _ _ _ _ _ _ _ _ _ _ _ _ _\npages\\login_page.py:25: in login\n    self.browser.find_element(*self.login_button).click()\n..\\..\\AppData\\Local\\Programs\\Python\\Python312\\Lib\\site-packages\\selenium\\webdriver\\remote\\webdriver.py:738: in find_element\n    return self.execute(Command.FIND_ELEMENT, {\"using\": by, \"value\": value})[\"value\"]\n..\\..\\AppData\\Local\\Programs\\Python\\Python312\\Lib\\site-packages\\selenium\\webdriver\\remote\\webdriver.py:344: in execute\n    self.error_handler.check_response(response)\n_ _ _ _ _ _ _ _ _ _ _ _ _ _ _ _ _ _ _ _ _ _ _ _ _ _ _ _ _ _ _ _ _ _ _ _ _ _ _ _ _ _ _ _ _ _ _ _ _ _ _ _ _ _ _ _ _ _ _ _ _ _ _ _ _ _ _ _ _ _ _ _ _ _\n\nself = <selenium.webdriver.remote.errorhandler.ErrorHandler object at 0x0000025CA6867320>\nresponse = {'status': 404, 'value': '{\"value\":{\"error\":\"no such element\",\"message\":\"no such element: Unable to locate element: {\\...07FF72EDECC83]\\\\n\\\\tBaseThreadInitThunk [0x00007FFE07837344+20]\\\\n\\\\tRtlUserThreadStart [0x00007FFE082426B1+33]\\\\n\"}}'}\n\n    def check_response(self, response: Dict[str, Any]) -> None:\n        \"\"\"Checks that a JSON response from the WebDriver does not have an\n        error.\n    \n        :Args:\n         - response - The JSON response from the WebDriver server as a dictionary\n           object.\n    \n        :Raises: If the response contains an error message.\n        \"\"\"\n        status = response.get(\"status\", None)\n        if not status or status == ErrorCode.SUCCESS:\n            return\n        value = None\n        message = response.get(\"message\", \"\")\n        screen: str = response.get(\"screen\", \"\")\n        stacktrace = None\n        if isinstance(status, int):\n            value_json = response.get(\"value\", None)\n            if value_json and isinstance(value_json, str):\n                import json\n    \n                try:\n                    value = json.loads(value_json)\n                    if len(value) == 1:\n                        value = value[\"value\"]\n                    status = value.get(\"error\", None)\n                    if not status:\n                        status = value.get(\"status\", ErrorCode.UNKNOWN_ERROR)\n                        message = value.get(\"value\") or value.get(\"message\")\n                        if not isinstance(message, str):\n                            value = message\n                            message = message.get(\"message\")\n                    else:\n                        message = value.get(\"message\", None)\n                except ValueError:\n                    pass\n    \n        exception_class: Type[WebDriverException]\n        e = ErrorCode()\n        error_codes = [item for item in dir(e) if not item.startswith(\"__\")]\n        for error_code in error_codes:\n            error_info = getattr(ErrorCode, error_code)\n            if isinstance(error_info, list) and status in error_info:\n                exception_class = getattr(ExceptionMapping, error_code, WebDriverException)\n                break\n        else:\n            exception_class = WebDriverException\n    \n        if not value:\n            value = response[\"value\"]\n        if isinstance(value, str):\n            raise exception_class(value)\n        if message == \"\" and \"message\" in value:\n            message = value[\"message\"]\n    \n        screen = None  # type: ignore[assignment]\n        if \"screen\" in value:\n            screen = value[\"screen\"]\n    \n        stacktrace = None\n        st_value = value.get(\"stackTrace\") or value.get(\"stacktrace\")\n        if st_value:\n            if isinstance(st_value, str):\n                stacktrace = st_value.split(\"\\n\")\n            else:\n                stacktrace = []\n                try:\n                    for frame in st_value:\n                        line = frame.get(\"lineNumber\", \"\")\n                        file = frame.get(\"fileName\", \"<anonymous>\")\n                        if line:\n                            file = f\"{file}:{line}\"\n                        meth = frame.get(\"methodName\", \"<anonymous>\")\n                        if \"className\" in frame:\n                            meth = f\"{frame['className']}.{meth}\"\n                        msg = \"    at %s (%s)\"\n                        msg = msg % (meth, file)\n                        stacktrace.append(msg)\n                except TypeError:\n                    pass\n        if exception_class == UnexpectedAlertPresentException:\n            alert_text = None\n            if \"data\" in value:\n                alert_text = value[\"data\"].get(\"text\")\n            elif \"alert\" in value:\n                alert_text = value[\"alert\"].get(\"text\")\n            raise exception_class(message, screen, stacktrace, alert_text)  # type: ignore[call-arg]  # mypy is not smart enough here\n>       raise exception_class(message, screen, stacktrace)\nE       selenium.common.exceptions.NoSuchElementException: Message: no such element: Unable to locate element: {\"method\":\"css selector\",\"selector\":\"[id=\"login-button\"]\"}\nE         (Session info: chrome=118.0.5993.89); For documentation on this error, please visit: https://www.selenium.dev/documentation/webdriver/troubleshooting/errors#no-such-element-exception\nE       Stacktrace:\nE       \tGetHandleVerifier [0x00007FF72EE88EF2+54786]\nE       \t(No symbol) [0x00007FF72EDF5612]\nE       \t(No symbol) [0x00007FF72ECAA64B]\nE       \t(No symbol) [0x00007FF72ECEB79C]\nE       \t(No symbol) [0x00007FF72ECEB91C]\nE       \t(No symbol) [0x00007FF72ED26D87]\nE       \t(No symbol) [0x00007FF72ED0BEAF]\nE       \t(No symbol) [0x00007FF72ED24D02]\nE       \t(No symbol) [0x00007FF72ED0BC43]\nE       \t(No symbol) [0x00007FF72ECE0941]\nE       \t(No symbol) [0x00007FF72ECE1B84]\nE       \tGetHandleVerifier [0x00007FF72F1D7F52+3524194]\nE       \tGetHandleVerifier [0x00007FF72F22D800+3874576]\nE       \tGetHandleVerifier [0x00007FF72F225D7F+3843215]\nE       \tGetHandleVerifier [0x00007FF72EF25086+694166]\nE       \t(No symbol) [0x00007FF72EE00A88]\nE       \t(No symbol) [0x00007FF72EDFCA94]\nE       \t(No symbol) [0x00007FF72EDFCBC2]\nE       \t(No symbol) [0x00007FF72EDECC83]\nE       \tBaseThreadInitThunk [0x00007FFE07837344+20]\nE       \tRtlUserThreadStart [0x00007FFE082426B1+33]\n\n..\\..\\AppData\\Local\\Programs\\Python\\Python312\\Lib\\site-packages\\selenium\\webdriver\\remote\\errorhandler.py:229: NoSuchElementException"}, "parameters": [{"name": "valid_email", "value": "'teambooktest@gmail.com'"}, {"name": "valid_password", "value": "'Test123!'"}], "start": 1698151315501, "stop": 1698151316454, "uuid": "7eaa53bf-0b46-4341-9171-e87396490f0f", "historyId": "ec2ad0d234f0ffc490a1de160e6e902f", "testCaseId": "ff7730c782c4dd99632d0b020ad53142", "fullName": "tests.test_header#test_header_block_links", "labels": [{"name": "parentSuite", "value": "tests"}, {"name": "suite", "value": "test_header"}, {"name": "host", "value": "DESKTOP-Q7U6EK1"}, {"name": "thread", "value": "1032-MainThread"}, {"name": "framework", "value": "pytest"}, {"name": "language", "value": "cpython3"}, {"name": "package", "value": "tests.test_header"}]}