{"name": "test_delete_organization", "status": "broken", "statusDetails": {"message": "selenium.common.exceptions.TimeoutException: Message: \nStacktrace:\n\tGetHandleVerifier [0x00007FF760608EF2+54786]\n\t(No symbol) [0x00007FF760575612]\n\t(No symbol) [0x00007FF76042A64B]\n\t(No symbol) [0x00007FF76046B79C]\n\t(No symbol) [0x00007FF76046B91C]\n\t(No symbol) [0x00007FF7604A6D87]\n\t(No symbol) [0x00007FF76048BEAF]\n\t(No symbol) [0x00007FF7604A4D02]\n\t(No symbol) [0x00007FF76048BC43]\n\t(No symbol) [0x00007FF760460941]\n\t(No symbol) [0x00007FF760461B84]\n\tGetHandleVerifier [0x00007FF760957F52+3524194]\n\tGetHandleVerifier [0x00007FF7609AD800+3874576]\n\tGetHandleVerifier [0x00007FF7609A5D7F+3843215]\n\tGetHandleVerifier [0x00007FF7606A5086+694166]\n\t(No symbol) [0x00007FF760580A88]\n\t(No symbol) [0x00007FF76057CA94]\n\t(No symbol) [0x00007FF76057CBC2]\n\t(No symbol) [0x00007FF76056CC83]\n\tBaseThreadInitThunk [0x00007FFE07837344+20]\n\tRtlUserThreadStart [0x00007FFE082426B1+33]", "trace": "browser = <selenium.webdriver.chrome.webdriver.WebDriver (session=\"b79dd7a5c80f83b1fe4e7dc802f2ba1a\")>\nlogin_page = <pages.login_page.LoginPage object at 0x000001FFAD06CD60>\nregistration_data = {'company_name': 'Test test Company', 'email': 'test@example.com', 'first_name': 'John', 'last_name': 'Doe', ...}\n\n    def test_delete_organization(browser, login_page, registration_data):\n        # precondition\n        email, password = registration_data[\"email\"], registration_data[\"password\"]\n        login_page.login(email, password)\n    \n        user_menu = UserMenu(browser, PLANNERS_URL)\n>       user_menu.load()\n\ntests\\test_settings.py:12: \n_ _ _ _ _ _ _ _ _ _ _ _ _ _ _ _ _ _ _ _ _ _ _ _ _ _ _ _ _ _ _ _ _ _ _ _ _ _ _ _ _ _ _ _ _ _ _ _ _ _ _ _ _ _ _ _ _ _ _ _ _ _ _ _ _ _ _ _ _ _ _ _ _ _\npages\\header.py:127: in load\n    WebDriverWait(self.browser, 15).until(EC.presence_of_element_located(self.user_menu))\n_ _ _ _ _ _ _ _ _ _ _ _ _ _ _ _ _ _ _ _ _ _ _ _ _ _ _ _ _ _ _ _ _ _ _ _ _ _ _ _ _ _ _ _ _ _ _ _ _ _ _ _ _ _ _ _ _ _ _ _ _ _ _ _ _ _ _ _ _ _ _ _ _ _\n\nself = <selenium.webdriver.support.wait.WebDriverWait (session=\"b79dd7a5c80f83b1fe4e7dc802f2ba1a\")>\nmethod = <function presence_of_element_located.<locals>._predicate at 0x000001FFAC76A3A0>, message = ''\n\n    def until(self, method, message: str = \"\"):\n        \"\"\"Calls the method provided with the driver as an argument until the \\\n        return value does not evaluate to ``False``.\n    \n        :param method: callable(WebDriver)\n        :param message: optional message for :exc:`TimeoutException`\n        :returns: the result of the last call to `method`\n        :raises: :exc:`selenium.common.exceptions.TimeoutException` if timeout occurs\n        \"\"\"\n        screen = None\n        stacktrace = None\n    \n        end_time = time.monotonic() + self._timeout\n        while True:\n            try:\n                value = method(self._driver)\n                if value:\n                    return value\n            except self._ignored_exceptions as exc:\n                screen = getattr(exc, \"screen\", None)\n                stacktrace = getattr(exc, \"stacktrace\", None)\n            time.sleep(self._poll)\n            if time.monotonic() > end_time:\n                break\n>       raise TimeoutException(message, screen, stacktrace)\nE       selenium.common.exceptions.TimeoutException: Message: \nE       Stacktrace:\nE       \tGetHandleVerifier [0x00007FF760608EF2+54786]\nE       \t(No symbol) [0x00007FF760575612]\nE       \t(No symbol) [0x00007FF76042A64B]\nE       \t(No symbol) [0x00007FF76046B79C]\nE       \t(No symbol) [0x00007FF76046B91C]\nE       \t(No symbol) [0x00007FF7604A6D87]\nE       \t(No symbol) [0x00007FF76048BEAF]\nE       \t(No symbol) [0x00007FF7604A4D02]\nE       \t(No symbol) [0x00007FF76048BC43]\nE       \t(No symbol) [0x00007FF760460941]\nE       \t(No symbol) [0x00007FF760461B84]\nE       \tGetHandleVerifier [0x00007FF760957F52+3524194]\nE       \tGetHandleVerifier [0x00007FF7609AD800+3874576]\nE       \tGetHandleVerifier [0x00007FF7609A5D7F+3843215]\nE       \tGetHandleVerifier [0x00007FF7606A5086+694166]\nE       \t(No symbol) [0x00007FF760580A88]\nE       \t(No symbol) [0x00007FF76057CA94]\nE       \t(No symbol) [0x00007FF76057CBC2]\nE       \t(No symbol) [0x00007FF76056CC83]\nE       \tBaseThreadInitThunk [0x00007FFE07837344+20]\nE       \tRtlUserThreadStart [0x00007FFE082426B1+33]\n\n..\\pythonProject\\venv\\lib\\site-packages\\selenium\\webdriver\\support\\wait.py:95: TimeoutException"}, "start": 1698151835264, "stop": 1698151855803, "uuid": "137346cb-6ee1-4885-b72d-b42b8d315924", "historyId": "c75cf7a380621e5a7253c131989c51f3", "testCaseId": "c75cf7a380621e5a7253c131989c51f3", "fullName": "tests.test_settings#test_delete_organization", "labels": [{"name": "parentSuite", "value": "tests"}, {"name": "suite", "value": "test_settings"}, {"name": "host", "value": "DESKTOP-Q7U6EK1"}, {"name": "thread", "value": "24164-MainThread"}, {"name": "framework", "value": "pytest"}, {"name": "language", "value": "cpython3"}, {"name": "package", "value": "tests.test_settings"}]}